2022-09-05 15:58:56,136 [Worker-3: Loading available Gradle versions] INFO  o.e.b.c.i.u.g.PublishedGradleVersions - Gradle version information cache is up-to-date. Trying to read.
2022-09-05 16:00:36,995 [Worker-2: Importing Maven projects] INFO  o.e.m.c.i.l.LifecycleMappingFactory - Using org.eclipse.m2e.jdt.JarLifecycleMapping lifecycle mapping for MavenProject: com.example:supplier:0.0.1-SNAPSHOT @ E:\manufacturing rfq\RFQ -MFPECOMPLETE\ManufacturingMgmt--master\supplier\pom.xml.
2022-09-05 16:00:40,849 [Worker-2: Importing Maven projects] INFO  o.e.m.c.i.l.LifecycleMappingFactory - Using org.eclipse.m2e.jdt.JarLifecycleMapping lifecycle mapping for MavenProject: com.example:Authorization:0.0.1-SNAPSHOT @ E:\manufacturing rfq\RFQ -MFPECOMPLETE\ManufacturingMgmt--master\Authorization\pom.xml.
2022-09-05 16:00:41,207 [Worker-2: Importing Maven projects] INFO  o.e.m.c.i.l.LifecycleMappingFactory - Using org.eclipse.m2e.jdt.JarLifecycleMapping lifecycle mapping for MavenProject: com.example:plant:0.0.1-SNAPSHOT @ E:\manufacturing rfq\RFQ -MFPECOMPLETE\ManufacturingMgmt--master\plant\pom.xml.
2022-09-05 16:00:41,387 [Worker-2: Importing Maven projects] INFO  o.e.m.c.i.l.LifecycleMappingFactory - Using org.eclipse.m2e.jdt.JarLifecycleMapping lifecycle mapping for MavenProject: com.example:rfq:0.0.1-SNAPSHOT @ E:\manufacturing rfq\RFQ -MFPECOMPLETE\ManufacturingMgmt--master\rfq\pom.xml.
2022-09-05 16:00:49,617 [Worker-2: Importing Maven projects] INFO  o.e.m.j.i.AbstractJavaProjectConfigurator - Adding source folder /supplier/src/main/java
2022-09-05 16:00:49,618 [Worker-2: Importing Maven projects] INFO  o.e.m.j.i.AbstractJavaProjectConfigurator - Adding resource folder /supplier/src/main/resources
2022-09-05 16:00:49,629 [Worker-2: Importing Maven projects] INFO  o.e.m.j.i.AbstractJavaProjectConfigurator - Adding resource folder /supplier/src/main/resources
2022-09-05 16:00:49,642 [Worker-2: Importing Maven projects] INFO  o.e.m.j.i.AbstractJavaProjectConfigurator - Adding source folder /supplier/src/test/java
2022-09-05 16:00:50,736 [Worker-2: Importing Maven projects] INFO  o.e.m.j.i.AbstractJavaProjectConfigurator - Adding source folder /rfq/src/main/java
2022-09-05 16:00:50,737 [Worker-2: Importing Maven projects] INFO  o.e.m.j.i.AbstractJavaProjectConfigurator - Adding resource folder /rfq/src/main/resources
2022-09-05 16:00:50,742 [Worker-2: Importing Maven projects] INFO  o.e.m.j.i.AbstractJavaProjectConfigurator - Adding resource folder /rfq/src/main/resources
2022-09-05 16:00:50,751 [Worker-2: Importing Maven projects] INFO  o.e.m.j.i.AbstractJavaProjectConfigurator - Adding source folder /rfq/src/test/java
2022-09-05 16:00:51,644 [Worker-2: Importing Maven projects] INFO  o.e.m.j.i.AbstractJavaProjectConfigurator - Adding source folder /Authorization/src/main/java
2022-09-05 16:00:51,645 [Worker-2: Importing Maven projects] INFO  o.e.m.j.i.AbstractJavaProjectConfigurator - Adding resource folder /Authorization/src/main/resources
2022-09-05 16:00:51,650 [Worker-2: Importing Maven projects] INFO  o.e.m.j.i.AbstractJavaProjectConfigurator - Adding resource folder /Authorization/src/main/resources
2022-09-05 16:00:51,656 [Worker-2: Importing Maven projects] INFO  o.e.m.j.i.AbstractJavaProjectConfigurator - Adding source folder /Authorization/src/test/java
2022-09-05 16:00:52,620 [Worker-2: Importing Maven projects] INFO  o.e.m.j.i.AbstractJavaProjectConfigurator - Adding source folder /plant/src/main/java
2022-09-05 16:00:52,621 [Worker-2: Importing Maven projects] INFO  o.e.m.j.i.AbstractJavaProjectConfigurator - Adding resource folder /plant/src/main/resources
2022-09-05 16:00:52,626 [Worker-2: Importing Maven projects] INFO  o.e.m.j.i.AbstractJavaProjectConfigurator - Adding resource folder /plant/src/main/resources
2022-09-05 16:00:52,633 [Worker-2: Importing Maven projects] INFO  o.e.m.j.i.AbstractJavaProjectConfigurator - Adding source folder /plant/src/test/java
2022-09-05 16:00:53,551 [Worker-2: Importing Maven projects] INFO  o.e.m.c.i.p.ProjectConfigurationManager - Imported and configured 4 project(s) in 23 sec
2022-09-05 16:00:56,546 [Worker-9: Building] INFO  o.e.m.c.i.embedder.EclipseLogger - Using 'UTF-8' encoding to copy filtered resources.
2022-09-05 16:00:56,547 [Worker-9: Building] INFO  o.e.m.c.i.embedder.EclipseLogger - Using 'UTF-8' encoding to copy filtered properties files.
2022-09-05 16:00:56,557 [Worker-9: Building] INFO  o.e.m.c.i.embedder.EclipseLogger - Copying 1 resource
2022-09-05 16:00:56,601 [Worker-9: Building] INFO  o.e.m.c.i.embedder.EclipseLogger - Copying 4 resources
2022-09-05 16:00:56,692 [Worker-9: Building] INFO  o.e.m.c.i.embedder.EclipseLogger - Using 'UTF-8' encoding to copy filtered resources.
2022-09-05 16:00:56,693 [Worker-9: Building] INFO  o.e.m.c.i.embedder.EclipseLogger - Using 'UTF-8' encoding to copy filtered properties files.
2022-09-05 16:00:56,693 [Worker-9: Building] INFO  o.e.m.c.i.embedder.EclipseLogger - skip non existing resourceDirectory E:\manufacturing rfq\RFQ -MFPECOMPLETE\ManufacturingMgmt--master\Authorization\src\test\resources
2022-09-05 16:00:58,770 [Worker-9: Building] INFO  o.e.m.c.i.embedder.EclipseLogger - Using 'UTF-8' encoding to copy filtered resources.
2022-09-05 16:00:58,770 [Worker-9: Building] INFO  o.e.m.c.i.embedder.EclipseLogger - Using 'UTF-8' encoding to copy filtered properties files.
2022-09-05 16:00:58,771 [Worker-9: Building] INFO  o.e.m.c.i.embedder.EclipseLogger - Copying 1 resource
2022-09-05 16:00:58,789 [Worker-9: Building] INFO  o.e.m.c.i.embedder.EclipseLogger - Copying 2 resources
2022-09-05 16:00:58,820 [Worker-9: Building] INFO  o.e.m.c.i.embedder.EclipseLogger - Using 'UTF-8' encoding to copy filtered resources.
2022-09-05 16:00:58,821 [Worker-9: Building] INFO  o.e.m.c.i.embedder.EclipseLogger - Using 'UTF-8' encoding to copy filtered properties files.
2022-09-05 16:00:58,821 [Worker-9: Building] INFO  o.e.m.c.i.embedder.EclipseLogger - skip non existing resourceDirectory E:\manufacturing rfq\RFQ -MFPECOMPLETE\ManufacturingMgmt--master\plant\src\test\resources
2022-09-05 16:01:00,314 [Worker-9: Building] INFO  o.e.m.c.i.embedder.EclipseLogger - Using 'UTF-8' encoding to copy filtered resources.
2022-09-05 16:01:00,314 [Worker-9: Building] INFO  o.e.m.c.i.embedder.EclipseLogger - Using 'UTF-8' encoding to copy filtered properties files.
2022-09-05 16:01:00,315 [Worker-9: Building] INFO  o.e.m.c.i.embedder.EclipseLogger - Copying 1 resource
2022-09-05 16:01:00,330 [Worker-9: Building] INFO  o.e.m.c.i.embedder.EclipseLogger - Copying 1 resource
2022-09-05 16:01:00,346 [Worker-9: Building] INFO  o.e.m.c.i.embedder.EclipseLogger - Using 'UTF-8' encoding to copy filtered resources.
2022-09-05 16:01:00,347 [Worker-9: Building] INFO  o.e.m.c.i.embedder.EclipseLogger - Using 'UTF-8' encoding to copy filtered properties files.
2022-09-05 16:01:00,347 [Worker-9: Building] INFO  o.e.m.c.i.embedder.EclipseLogger - skip non existing resourceDirectory E:\manufacturing rfq\RFQ -MFPECOMPLETE\ManufacturingMgmt--master\rfq\src\test\resources
2022-09-05 16:01:01,995 [Worker-9: Building] INFO  o.e.m.c.i.embedder.EclipseLogger - Using 'UTF-8' encoding to copy filtered resources.
2022-09-05 16:01:01,995 [Worker-9: Building] INFO  o.e.m.c.i.embedder.EclipseLogger - Using 'UTF-8' encoding to copy filtered properties files.
2022-09-05 16:01:01,996 [Worker-9: Building] INFO  o.e.m.c.i.embedder.EclipseLogger - Copying 1 resource
2022-09-05 16:01:02,012 [Worker-9: Building] INFO  o.e.m.c.i.embedder.EclipseLogger - Copying 2 resources
2022-09-05 16:01:02,041 [Worker-9: Building] INFO  o.e.m.c.i.embedder.EclipseLogger - Using 'UTF-8' encoding to copy filtered resources.
2022-09-05 16:01:02,041 [Worker-9: Building] INFO  o.e.m.c.i.embedder.EclipseLogger - Using 'UTF-8' encoding to copy filtered properties files.
2022-09-05 16:01:02,041 [Worker-9: Building] INFO  o.e.m.c.i.embedder.EclipseLogger - skip non existing resourceDirectory E:\manufacturing rfq\RFQ -MFPECOMPLETE\ManufacturingMgmt--master\supplier\src\test\resources
2022-09-05 16:02:54,093 [Worker-1: Updating Maven Project] INFO  o.e.m.c.i.p.ProjectConfigurationManager - Update started
2022-09-05 16:02:55,358 [Worker-1: Updating Maven Project] INFO  o.e.m.c.i.l.LifecycleMappingFactory - Using org.eclipse.m2e.jdt.JarLifecycleMapping lifecycle mapping for MavenProject: com.example:supplier:0.0.1-SNAPSHOT @ E:\manufacturing rfq\RFQ -MFPECOMPLETE\ManufacturingMgmt--master\supplier\pom.xml.
2022-09-05 16:02:55,781 [Worker-1: Updating Maven Project] INFO  o.e.m.c.i.l.LifecycleMappingFactory - Using org.eclipse.m2e.jdt.JarLifecycleMapping lifecycle mapping for MavenProject: com.example:Authorization:0.0.1-SNAPSHOT @ E:\manufacturing rfq\RFQ -MFPECOMPLETE\ManufacturingMgmt--master\Authorization\pom.xml.
2022-09-05 16:02:55,906 [Worker-1: Updating Maven Project] INFO  o.e.m.c.i.l.LifecycleMappingFactory - Using org.eclipse.m2e.jdt.JarLifecycleMapping lifecycle mapping for MavenProject: com.example:plant:0.0.1-SNAPSHOT @ E:\manufacturing rfq\RFQ -MFPECOMPLETE\ManufacturingMgmt--master\plant\pom.xml.
2022-09-05 16:02:56,020 [Worker-1: Updating Maven Project] INFO  o.e.m.c.i.l.LifecycleMappingFactory - Using org.eclipse.m2e.jdt.JarLifecycleMapping lifecycle mapping for MavenProject: com.example:rfq:0.0.1-SNAPSHOT @ E:\manufacturing rfq\RFQ -MFPECOMPLETE\ManufacturingMgmt--master\rfq\pom.xml.
2022-09-05 16:02:58,276 [Worker-1: Updating Maven Project] INFO  o.e.m.j.i.AbstractJavaProjectConfigurator - Adding source folder /Authorization/src/main/java
2022-09-05 16:02:58,276 [Worker-1: Updating Maven Project] INFO  o.e.m.j.i.AbstractJavaProjectConfigurator - Adding resource folder /Authorization/src/main/resources
2022-09-05 16:02:58,277 [Worker-1: Updating Maven Project] INFO  o.e.m.j.i.AbstractJavaProjectConfigurator - Adding resource folder /Authorization/src/main/resources
2022-09-05 16:02:58,278 [Worker-1: Updating Maven Project] INFO  o.e.m.j.i.AbstractJavaProjectConfigurator - Adding source folder /Authorization/src/test/java
2022-09-05 16:02:58,781 [Worker-1: Updating Maven Project] INFO  o.e.m.j.i.AbstractJavaProjectConfigurator - Adding source folder /plant/src/main/java
2022-09-05 16:02:58,781 [Worker-1: Updating Maven Project] INFO  o.e.m.j.i.AbstractJavaProjectConfigurator - Adding resource folder /plant/src/main/resources
2022-09-05 16:02:58,781 [Worker-1: Updating Maven Project] INFO  o.e.m.j.i.AbstractJavaProjectConfigurator - Adding resource folder /plant/src/main/resources
2022-09-05 16:02:58,782 [Worker-1: Updating Maven Project] INFO  o.e.m.j.i.AbstractJavaProjectConfigurator - Adding source folder /plant/src/test/java
2022-09-05 16:02:59,356 [Worker-1: Updating Maven Project] INFO  o.e.m.j.i.AbstractJavaProjectConfigurator - Adding source folder /rfq/src/main/java
2022-09-05 16:02:59,357 [Worker-1: Updating Maven Project] INFO  o.e.m.j.i.AbstractJavaProjectConfigurator - Adding resource folder /rfq/src/main/resources
2022-09-05 16:02:59,357 [Worker-1: Updating Maven Project] INFO  o.e.m.j.i.AbstractJavaProjectConfigurator - Adding resource folder /rfq/src/main/resources
2022-09-05 16:02:59,358 [Worker-1: Updating Maven Project] INFO  o.e.m.j.i.AbstractJavaProjectConfigurator - Adding source folder /rfq/src/test/java
2022-09-05 16:02:59,972 [Worker-1: Updating Maven Project] INFO  o.e.m.j.i.AbstractJavaProjectConfigurator - Adding source folder /supplier/src/main/java
2022-09-05 16:02:59,972 [Worker-1: Updating Maven Project] INFO  o.e.m.j.i.AbstractJavaProjectConfigurator - Adding resource folder /supplier/src/main/resources
2022-09-05 16:02:59,973 [Worker-1: Updating Maven Project] INFO  o.e.m.j.i.AbstractJavaProjectConfigurator - Adding resource folder /supplier/src/main/resources
2022-09-05 16:02:59,974 [Worker-1: Updating Maven Project] INFO  o.e.m.j.i.AbstractJavaProjectConfigurator - Adding source folder /supplier/src/test/java
2022-09-05 16:03:01,136 [Worker-1: Updating Maven Project] INFO  o.e.m.c.i.p.ProjectConfigurationManager - Update completed: 7 sec
2022-09-05 16:03:02,428 [Worker-12: Building] INFO  o.e.m.c.i.embedder.EclipseLogger - Using 'UTF-8' encoding to copy filtered resources.
2022-09-05 16:03:02,428 [Worker-12: Building] INFO  o.e.m.c.i.embedder.EclipseLogger - Using 'UTF-8' encoding to copy filtered properties files.
2022-09-05 16:03:02,429 [Worker-12: Building] INFO  o.e.m.c.i.embedder.EclipseLogger - Copying 1 resource
2022-09-05 16:03:02,453 [Worker-12: Building] INFO  o.e.m.c.i.embedder.EclipseLogger - Copying 4 resources
2022-09-05 16:03:02,471 [Worker-12: Building] INFO  o.e.m.c.i.embedder.EclipseLogger - Using 'UTF-8' encoding to copy filtered resources.
2022-09-05 16:03:02,471 [Worker-12: Building] INFO  o.e.m.c.i.embedder.EclipseLogger - Using 'UTF-8' encoding to copy filtered properties files.
2022-09-05 16:03:02,472 [Worker-12: Building] INFO  o.e.m.c.i.embedder.EclipseLogger - skip non existing resourceDirectory E:\manufacturing rfq\RFQ -MFPECOMPLETE\ManufacturingMgmt--master\Authorization\src\test\resources
2022-09-05 16:03:05,040 [Worker-12: Building] INFO  o.e.m.c.i.embedder.EclipseLogger - Using 'UTF-8' encoding to copy filtered resources.
2022-09-05 16:03:05,041 [Worker-12: Building] INFO  o.e.m.c.i.embedder.EclipseLogger - Using 'UTF-8' encoding to copy filtered properties files.
2022-09-05 16:03:05,041 [Worker-12: Building] INFO  o.e.m.c.i.embedder.EclipseLogger - Copying 1 resource
2022-09-05 16:03:05,044 [Worker-12: Building] INFO  o.e.m.c.i.embedder.EclipseLogger - Copying 2 resources
2022-09-05 16:03:05,055 [Worker-12: Building] INFO  o.e.m.c.i.embedder.EclipseLogger - Using 'UTF-8' encoding to copy filtered resources.
2022-09-05 16:03:05,055 [Worker-12: Building] INFO  o.e.m.c.i.embedder.EclipseLogger - Using 'UTF-8' encoding to copy filtered properties files.
2022-09-05 16:03:05,056 [Worker-12: Building] INFO  o.e.m.c.i.embedder.EclipseLogger - skip non existing resourceDirectory E:\manufacturing rfq\RFQ -MFPECOMPLETE\ManufacturingMgmt--master\plant\src\test\resources
2022-09-05 16:03:06,598 [Worker-12: Building] INFO  o.e.m.c.i.embedder.EclipseLogger - Using 'UTF-8' encoding to copy filtered resources.
2022-09-05 16:03:06,598 [Worker-12: Building] INFO  o.e.m.c.i.embedder.EclipseLogger - Using 'UTF-8' encoding to copy filtered properties files.
2022-09-05 16:03:06,599 [Worker-12: Building] INFO  o.e.m.c.i.embedder.EclipseLogger - Copying 1 resource
2022-09-05 16:03:06,602 [Worker-12: Building] INFO  o.e.m.c.i.embedder.EclipseLogger - Copying 1 resource
2022-09-05 16:03:06,607 [Worker-12: Building] INFO  o.e.m.c.i.embedder.EclipseLogger - Using 'UTF-8' encoding to copy filtered resources.
2022-09-05 16:03:06,608 [Worker-12: Building] INFO  o.e.m.c.i.embedder.EclipseLogger - Using 'UTF-8' encoding to copy filtered properties files.
2022-09-05 16:03:06,608 [Worker-12: Building] INFO  o.e.m.c.i.embedder.EclipseLogger - skip non existing resourceDirectory E:\manufacturing rfq\RFQ -MFPECOMPLETE\ManufacturingMgmt--master\rfq\src\test\resources
2022-09-05 16:03:07,942 [Worker-12: Building] INFO  o.e.m.c.i.embedder.EclipseLogger - Using 'UTF-8' encoding to copy filtered resources.
2022-09-05 16:03:07,943 [Worker-12: Building] INFO  o.e.m.c.i.embedder.EclipseLogger - Using 'UTF-8' encoding to copy filtered properties files.
2022-09-05 16:03:07,943 [Worker-12: Building] INFO  o.e.m.c.i.embedder.EclipseLogger - Copying 1 resource
2022-09-05 16:03:07,947 [Worker-12: Building] INFO  o.e.m.c.i.embedder.EclipseLogger - Copying 2 resources
2022-09-05 16:03:07,957 [Worker-12: Building] INFO  o.e.m.c.i.embedder.EclipseLogger - Using 'UTF-8' encoding to copy filtered resources.
2022-09-05 16:03:07,958 [Worker-12: Building] INFO  o.e.m.c.i.embedder.EclipseLogger - Using 'UTF-8' encoding to copy filtered properties files.
2022-09-05 16:03:07,958 [Worker-12: Building] INFO  o.e.m.c.i.embedder.EclipseLogger - skip non existing resourceDirectory E:\manufacturing rfq\RFQ -MFPECOMPLETE\ManufacturingMgmt--master\supplier\src\test\resources
2022-09-05 16:06:47,181 [Worker-13: Building] INFO  o.e.m.c.i.embedder.EclipseLogger - Using 'UTF-8' encoding to copy filtered resources.
2022-09-05 16:06:47,181 [Worker-13: Building] INFO  o.e.m.c.i.embedder.EclipseLogger - Using 'UTF-8' encoding to copy filtered properties files.
2022-09-05 16:06:47,182 [Worker-13: Building] INFO  o.e.m.c.i.embedder.EclipseLogger - Copying 0 resource
2022-09-05 16:06:47,183 [Worker-13: Building] INFO  o.e.m.c.i.embedder.EclipseLogger - Copying 0 resource
2022-09-05 16:06:47,185 [Worker-13: Building] INFO  o.e.m.c.i.embedder.EclipseLogger - Using 'UTF-8' encoding to copy filtered resources.
2022-09-05 16:06:47,186 [Worker-13: Building] INFO  o.e.m.c.i.embedder.EclipseLogger - Using 'UTF-8' encoding to copy filtered properties files.
2022-09-05 16:06:47,186 [Worker-13: Building] INFO  o.e.m.c.i.embedder.EclipseLogger - skip non existing resourceDirectory E:\manufacturing rfq\RFQ -MFPECOMPLETE\ManufacturingMgmt--master\Authorization\src\test\resources
2022-09-05 16:06:58,595 [Worker-1: Updating Maven Project] INFO  o.e.m.c.i.p.ProjectConfigurationManager - Update started
2022-09-05 16:06:59,476 [Worker-1: Updating Maven Project] INFO  o.e.m.c.i.l.LifecycleMappingFactory - Using org.eclipse.m2e.jdt.JarLifecycleMapping lifecycle mapping for MavenProject: com.example:supplier:0.0.1-SNAPSHOT @ E:\manufacturing rfq\RFQ -MFPECOMPLETE\ManufacturingMgmt--master\supplier\pom.xml.
2022-09-05 16:06:59,901 [Worker-1: Updating Maven Project] INFO  o.e.m.c.i.l.LifecycleMappingFactory - Using org.eclipse.m2e.jdt.JarLifecycleMapping lifecycle mapping for MavenProject: com.example:Authorization:0.0.1-SNAPSHOT @ E:\manufacturing rfq\RFQ -MFPECOMPLETE\ManufacturingMgmt--master\Authorization\pom.xml.
2022-09-05 16:07:00,011 [Worker-1: Updating Maven Project] INFO  o.e.m.c.i.l.LifecycleMappingFactory - Using org.eclipse.m2e.jdt.JarLifecycleMapping lifecycle mapping for MavenProject: com.example:plant:0.0.1-SNAPSHOT @ E:\manufacturing rfq\RFQ -MFPECOMPLETE\ManufacturingMgmt--master\plant\pom.xml.
2022-09-05 16:07:00,106 [Worker-1: Updating Maven Project] INFO  o.e.m.c.i.l.LifecycleMappingFactory - Using org.eclipse.m2e.jdt.JarLifecycleMapping lifecycle mapping for MavenProject: com.example:rfq:0.0.1-SNAPSHOT @ E:\manufacturing rfq\RFQ -MFPECOMPLETE\ManufacturingMgmt--master\rfq\pom.xml.
2022-09-05 16:07:02,206 [Worker-1: Updating Maven Project] INFO  o.e.m.j.i.AbstractJavaProjectConfigurator - Adding source folder /Authorization/src/main/java
2022-09-05 16:07:02,206 [Worker-1: Updating Maven Project] INFO  o.e.m.j.i.AbstractJavaProjectConfigurator - Adding resource folder /Authorization/src/main/resources
2022-09-05 16:07:02,207 [Worker-1: Updating Maven Project] INFO  o.e.m.j.i.AbstractJavaProjectConfigurator - Adding resource folder /Authorization/src/main/resources
2022-09-05 16:07:02,208 [Worker-1: Updating Maven Project] INFO  o.e.m.j.i.AbstractJavaProjectConfigurator - Adding source folder /Authorization/src/test/java
2022-09-05 16:07:02,853 [Worker-1: Updating Maven Project] INFO  o.e.m.c.i.p.ProjectConfigurationManager - Update completed: 4 sec
2022-09-05 16:07:04,030 [Worker-8: Building] INFO  o.e.m.c.i.embedder.EclipseLogger - Using 'UTF-8' encoding to copy filtered resources.
2022-09-05 16:07:04,031 [Worker-8: Building] INFO  o.e.m.c.i.embedder.EclipseLogger - Using 'UTF-8' encoding to copy filtered properties files.
2022-09-05 16:07:04,031 [Worker-8: Building] INFO  o.e.m.c.i.embedder.EclipseLogger - Copying 1 resource
2022-09-05 16:07:04,055 [Worker-8: Building] INFO  o.e.m.c.i.embedder.EclipseLogger - Copying 4 resources
2022-09-05 16:07:04,071 [Worker-8: Building] INFO  o.e.m.c.i.embedder.EclipseLogger - Using 'UTF-8' encoding to copy filtered resources.
2022-09-05 16:07:04,072 [Worker-8: Building] INFO  o.e.m.c.i.embedder.EclipseLogger - Using 'UTF-8' encoding to copy filtered properties files.
2022-09-05 16:07:04,072 [Worker-8: Building] INFO  o.e.m.c.i.embedder.EclipseLogger - skip non existing resourceDirectory E:\manufacturing rfq\RFQ -MFPECOMPLETE\ManufacturingMgmt--master\Authorization\src\test\resources
2022-09-05 16:07:05,421 [Worker-8: Building] INFO  o.e.m.c.i.embedder.EclipseLogger - Using 'UTF-8' encoding to copy filtered resources.
2022-09-05 16:07:05,421 [Worker-8: Building] INFO  o.e.m.c.i.embedder.EclipseLogger - Using 'UTF-8' encoding to copy filtered properties files.
2022-09-05 16:07:05,423 [Worker-8: Building] INFO  o.e.m.c.i.embedder.EclipseLogger - Copying 0 resource
2022-09-05 16:07:05,424 [Worker-8: Building] INFO  o.e.m.c.i.embedder.EclipseLogger - Copying 0 resource
2022-09-05 16:07:05,427 [Worker-8: Building] INFO  o.e.m.c.i.embedder.EclipseLogger - Using 'UTF-8' encoding to copy filtered resources.
2022-09-05 16:07:05,428 [Worker-8: Building] INFO  o.e.m.c.i.embedder.EclipseLogger - Using 'UTF-8' encoding to copy filtered properties files.
2022-09-05 16:07:05,428 [Worker-8: Building] INFO  o.e.m.c.i.embedder.EclipseLogger - skip non existing resourceDirectory E:\manufacturing rfq\RFQ -MFPECOMPLETE\ManufacturingMgmt--master\plant\src\test\resources
2022-09-05 16:07:06,065 [Worker-8: Building] INFO  o.e.m.c.i.embedder.EclipseLogger - Using 'UTF-8' encoding to copy filtered resources.
2022-09-05 16:07:06,065 [Worker-8: Building] INFO  o.e.m.c.i.embedder.EclipseLogger - Using 'UTF-8' encoding to copy filtered properties files.
2022-09-05 16:07:06,065 [Worker-8: Building] INFO  o.e.m.c.i.embedder.EclipseLogger - Copying 0 resource
2022-09-05 16:07:06,065 [Worker-8: Building] INFO  o.e.m.c.i.embedder.EclipseLogger - Copying 0 resource
2022-09-05 16:07:06,068 [Worker-8: Building] INFO  o.e.m.c.i.embedder.EclipseLogger - Using 'UTF-8' encoding to copy filtered resources.
2022-09-05 16:07:06,068 [Worker-8: Building] INFO  o.e.m.c.i.embedder.EclipseLogger - Using 'UTF-8' encoding to copy filtered properties files.
2022-09-05 16:07:06,068 [Worker-8: Building] INFO  o.e.m.c.i.embedder.EclipseLogger - skip non existing resourceDirectory E:\manufacturing rfq\RFQ -MFPECOMPLETE\ManufacturingMgmt--master\rfq\src\test\resources
2022-09-05 16:07:06,700 [Worker-8: Building] INFO  o.e.m.c.i.embedder.EclipseLogger - Using 'UTF-8' encoding to copy filtered resources.
2022-09-05 16:07:06,700 [Worker-8: Building] INFO  o.e.m.c.i.embedder.EclipseLogger - Using 'UTF-8' encoding to copy filtered properties files.
2022-09-05 16:07:06,700 [Worker-8: Building] INFO  o.e.m.c.i.embedder.EclipseLogger - Copying 0 resource
2022-09-05 16:07:06,700 [Worker-8: Building] INFO  o.e.m.c.i.embedder.EclipseLogger - Copying 0 resource
2022-09-05 16:07:06,702 [Worker-8: Building] INFO  o.e.m.c.i.embedder.EclipseLogger - Using 'UTF-8' encoding to copy filtered resources.
2022-09-05 16:07:06,703 [Worker-8: Building] INFO  o.e.m.c.i.embedder.EclipseLogger - Using 'UTF-8' encoding to copy filtered properties files.
2022-09-05 16:07:06,703 [Worker-8: Building] INFO  o.e.m.c.i.embedder.EclipseLogger - skip non existing resourceDirectory E:\manufacturing rfq\RFQ -MFPECOMPLETE\ManufacturingMgmt--master\supplier\src\test\resources
2022-09-05 16:31:33,921 [Worker-1: Loading available Gradle versions] INFO  o.e.b.c.i.u.g.PublishedGradleVersions - Gradle version information cache is up-to-date. Trying to read.
2022-09-05 16:31:41,598 [Worker-4: Building] INFO  o.e.m.c.i.embedder.EclipseLogger - Using 'UTF-8' encoding to copy filtered resources.
2022-09-05 16:31:41,599 [Worker-4: Building] INFO  o.e.m.c.i.embedder.EclipseLogger - Using 'UTF-8' encoding to copy filtered properties files.
2022-09-05 16:31:41,603 [Worker-4: Building] INFO  o.e.m.c.i.embedder.EclipseLogger - Copying 1 resource
2022-09-05 16:31:41,620 [Worker-4: Building] INFO  o.e.m.c.i.embedder.EclipseLogger - Copying 4 resources
2022-09-05 16:31:41,634 [Worker-4: Building] INFO  o.e.m.c.i.embedder.EclipseLogger - Using 'UTF-8' encoding to copy filtered resources.
2022-09-05 16:31:41,635 [Worker-4: Building] INFO  o.e.m.c.i.embedder.EclipseLogger - Using 'UTF-8' encoding to copy filtered properties files.
2022-09-05 16:31:41,635 [Worker-4: Building] INFO  o.e.m.c.i.embedder.EclipseLogger - skip non existing resourceDirectory E:\manufacturing rfq\RFQ -MFPECOMPLETE\ManufacturingMgmt--master\Authorization\src\test\resources
2022-09-05 16:32:11,676 [Worker-1: Building] INFO  o.e.m.c.i.l.LifecycleMappingFactory - Using org.eclipse.m2e.jdt.JarLifecycleMapping lifecycle mapping for MavenProject: com.example:Authorization:0.0.1-SNAPSHOT @ E:\manufacturing rfq\RFQ -MFPECOMPLETE\ManufacturingMgmt--master\Authorization\pom.xml.
2022-09-05 16:32:13,484 [Worker-1: Building] INFO  o.e.m.c.i.embedder.EclipseLogger - Using 'UTF-8' encoding to copy filtered resources.
2022-09-05 16:32:13,484 [Worker-1: Building] INFO  o.e.m.c.i.embedder.EclipseLogger - Using 'UTF-8' encoding to copy filtered properties files.
2022-09-05 16:32:13,485 [Worker-1: Building] INFO  o.e.m.c.i.embedder.EclipseLogger - Copying 1 resource
2022-09-05 16:32:13,499 [Worker-1: Building] INFO  o.e.m.c.i.embedder.EclipseLogger - Copying 4 resources
2022-09-05 16:32:13,509 [Worker-1: Building] INFO  o.e.m.c.i.embedder.EclipseLogger - Using 'UTF-8' encoding to copy filtered resources.
2022-09-05 16:32:13,510 [Worker-1: Building] INFO  o.e.m.c.i.embedder.EclipseLogger - Using 'UTF-8' encoding to copy filtered properties files.
2022-09-05 16:32:13,510 [Worker-1: Building] INFO  o.e.m.c.i.embedder.EclipseLogger - skip non existing resourceDirectory E:\manufacturing rfq\RFQ -MFPECOMPLETE\ManufacturingMgmt--master\Authorization\src\test\resources
2022-09-05 16:32:14,546 [Worker-7: Updating Maven Dependencies] INFO  o.e.m.c.i.l.LifecycleMappingFactory - Using org.eclipse.m2e.jdt.JarLifecycleMapping lifecycle mapping for MavenProject: com.example:Authorization:0.0.1-SNAPSHOT @ E:\manufacturing rfq\RFQ -MFPECOMPLETE\ManufacturingMgmt--master\Authorization\pom.xml.
2022-09-05 16:32:16,283 [Worker-2: Building] INFO  o.e.m.c.i.embedder.EclipseLogger - Using 'UTF-8' encoding to copy filtered resources.
2022-09-05 16:32:16,283 [Worker-2: Building] INFO  o.e.m.c.i.embedder.EclipseLogger - Using 'UTF-8' encoding to copy filtered properties files.
2022-09-05 16:32:16,289 [Worker-2: Building] INFO  o.e.m.c.i.embedder.EclipseLogger - Copying 1 resource
2022-09-05 16:32:16,311 [Worker-2: Building] INFO  o.e.m.c.i.embedder.EclipseLogger - Copying 4 resources
2022-09-05 16:32:16,324 [Worker-2: Building] INFO  o.e.m.c.i.embedder.EclipseLogger - Using 'UTF-8' encoding to copy filtered resources.
2022-09-05 16:32:16,324 [Worker-2: Building] INFO  o.e.m.c.i.embedder.EclipseLogger - Using 'UTF-8' encoding to copy filtered properties files.
2022-09-05 16:32:16,325 [Worker-2: Building] INFO  o.e.m.c.i.embedder.EclipseLogger - skip non existing resourceDirectory E:\manufacturing rfq\RFQ -MFPECOMPLETE\ManufacturingMgmt--master\Authorization\src\test\resources
2022-09-05 16:34:13,733 [Worker-7: Updating Maven Project] INFO  o.e.m.c.i.p.ProjectConfigurationManager - Update started
2022-09-05 16:34:14,320 [Worker-7: Updating Maven Project] INFO  o.e.m.c.i.l.LifecycleMappingFactory - Using org.eclipse.m2e.jdt.JarLifecycleMapping lifecycle mapping for MavenProject: com.example:Authorization:0.0.1-SNAPSHOT @ E:\manufacturing rfq\RFQ -MFPECOMPLETE\ManufacturingMgmt--master\Authorization\pom.xml.
2022-09-05 16:34:15,539 [Worker-7: Updating Maven Project] INFO  o.e.m.j.i.AbstractJavaProjectConfigurator - Adding source folder /Authorization/src/main/java
2022-09-05 16:34:15,539 [Worker-7: Updating Maven Project] INFO  o.e.m.j.i.AbstractJavaProjectConfigurator - Adding resource folder /Authorization/src/main/resources
2022-09-05 16:34:15,540 [Worker-7: Updating Maven Project] INFO  o.e.m.j.i.AbstractJavaProjectConfigurator - Adding resource folder /Authorization/src/main/resources
2022-09-05 16:34:15,540 [Worker-7: Updating Maven Project] INFO  o.e.m.j.i.AbstractJavaProjectConfigurator - Adding source folder /Authorization/src/test/java
2022-09-05 16:34:16,209 [Worker-7: Updating Maven Project] INFO  o.e.m.c.i.p.ProjectConfigurationManager - Update completed: 2 sec
2022-09-05 16:34:17,419 [Worker-7: Building] INFO  o.e.m.c.i.embedder.EclipseLogger - Using 'UTF-8' encoding to copy filtered resources.
2022-09-05 16:34:17,419 [Worker-7: Building] INFO  o.e.m.c.i.embedder.EclipseLogger - Using 'UTF-8' encoding to copy filtered properties files.
2022-09-05 16:34:17,420 [Worker-7: Building] INFO  o.e.m.c.i.embedder.EclipseLogger - Copying 1 resource
2022-09-05 16:34:17,444 [Worker-7: Building] INFO  o.e.m.c.i.embedder.EclipseLogger - Copying 4 resources
2022-09-05 16:34:17,460 [Worker-7: Building] INFO  o.e.m.c.i.embedder.EclipseLogger - Using 'UTF-8' encoding to copy filtered resources.
2022-09-05 16:34:17,460 [Worker-7: Building] INFO  o.e.m.c.i.embedder.EclipseLogger - Using 'UTF-8' encoding to copy filtered properties files.
2022-09-05 16:34:17,460 [Worker-7: Building] INFO  o.e.m.c.i.embedder.EclipseLogger - skip non existing resourceDirectory E:\manufacturing rfq\RFQ -MFPECOMPLETE\ManufacturingMgmt--master\Authorization\src\test\resources
2022-09-05 16:36:09,474 [Worker-1: Building] INFO  o.e.m.c.i.embedder.EclipseLogger - Using 'UTF-8' encoding to copy filtered resources.
2022-09-05 16:36:09,474 [Worker-1: Building] INFO  o.e.m.c.i.embedder.EclipseLogger - Using 'UTF-8' encoding to copy filtered properties files.
2022-09-05 16:36:09,475 [Worker-1: Building] INFO  o.e.m.c.i.embedder.EclipseLogger - Copying 0 resource
2022-09-05 16:36:09,476 [Worker-1: Building] INFO  o.e.m.c.i.embedder.EclipseLogger - Copying 0 resource
2022-09-05 16:36:09,478 [Worker-1: Building] INFO  o.e.m.c.i.embedder.EclipseLogger - Using 'UTF-8' encoding to copy filtered resources.
2022-09-05 16:36:09,479 [Worker-1: Building] INFO  o.e.m.c.i.embedder.EclipseLogger - Using 'UTF-8' encoding to copy filtered properties files.
2022-09-05 16:36:09,479 [Worker-1: Building] INFO  o.e.m.c.i.embedder.EclipseLogger - skip non existing resourceDirectory E:\manufacturing rfq\RFQ -MFPECOMPLETE\ManufacturingMgmt--master\Authorization\src\test\resources
2022-09-05 16:36:16,991 [Worker-5: Building] INFO  o.e.m.c.i.embedder.EclipseLogger - Using 'UTF-8' encoding to copy filtered resources.
2022-09-05 16:36:16,991 [Worker-5: Building] INFO  o.e.m.c.i.embedder.EclipseLogger - Using 'UTF-8' encoding to copy filtered properties files.
2022-09-05 16:36:16,991 [Worker-5: Building] INFO  o.e.m.c.i.embedder.EclipseLogger - Copying 0 resource
2022-09-05 16:36:16,992 [Worker-5: Building] INFO  o.e.m.c.i.embedder.EclipseLogger - Copying 0 resource
2022-09-05 16:36:16,995 [Worker-5: Building] INFO  o.e.m.c.i.embedder.EclipseLogger - Using 'UTF-8' encoding to copy filtered resources.
2022-09-05 16:36:16,995 [Worker-5: Building] INFO  o.e.m.c.i.embedder.EclipseLogger - Using 'UTF-8' encoding to copy filtered properties files.
2022-09-05 16:36:16,996 [Worker-5: Building] INFO  o.e.m.c.i.embedder.EclipseLogger - skip non existing resourceDirectory E:\manufacturing rfq\RFQ -MFPECOMPLETE\ManufacturingMgmt--master\Authorization\src\test\resources
2022-09-05 17:39:27,974 [main] INFO  o.e.m2e.actions.ExecutePomAction - Creating new launch configuration
2022-09-05 17:39:42,179 [Worker-8: Launching Authorization] INFO  o.e.m.i.launch.MavenLaunchDelegate - E:\manufacturing rfq\RFQ -MFPECOMPLETE\ManufacturingMgmt--master\Authorization
2022-09-05 17:39:42,183 [Worker-8: Launching Authorization] INFO  o.e.m.i.launch.MavenLaunchDelegate -  mvn -B -U package -Dstyle.color=always -Dstyle.color=always
2022-09-05 17:50:05,143 [main] INFO  o.e.m2e.actions.ExecutePomAction - Using existing launch configuration
2022-09-05 17:50:05,170 [Worker-8: Launching Authorization] INFO  o.e.m.i.launch.MavenLaunchDelegate - E:\manufacturing rfq\RFQ -MFPECOMPLETE\ManufacturingMgmt--master\Authorization
2022-09-05 17:50:05,170 [Worker-8: Launching Authorization] INFO  o.e.m.i.launch.MavenLaunchDelegate -  mvn -B -U package -Dstyle.color=always -Dstyle.color=always
2022-09-05 17:51:36,621 [Worker-3: Importing Maven projects] INFO  o.e.m.c.i.l.LifecycleMappingFactory - Using org.eclipse.m2e.jdt.JarLifecycleMapping lifecycle mapping for MavenProject: com.example:supplier:0.0.1-SNAPSHOT @ E:\manufacturing rfq\RFQ -MFPECOMPLETE\ManufacturingMgmt--master\supplier\pom.xml.
2022-09-05 17:51:37,071 [Worker-3: Importing Maven projects] INFO  o.e.m.c.i.l.LifecycleMappingFactory - Using org.eclipse.m2e.jdt.JarLifecycleMapping lifecycle mapping for MavenProject: com.example:plant:0.0.1-SNAPSHOT @ E:\manufacturing rfq\RFQ -MFPECOMPLETE\ManufacturingMgmt--master\plant\pom.xml.
2022-09-05 17:51:37,172 [Worker-3: Importing Maven projects] INFO  o.e.m.c.i.l.LifecycleMappingFactory - Using org.eclipse.m2e.jdt.JarLifecycleMapping lifecycle mapping for MavenProject: com.example:rfq:0.0.1-SNAPSHOT @ E:\manufacturing rfq\RFQ -MFPECOMPLETE\ManufacturingMgmt--master\rfq\pom.xml.
2022-09-05 17:51:38,959 [Worker-3: Importing Maven projects] INFO  o.e.m.j.i.AbstractJavaProjectConfigurator - Adding source folder /rfq/src/main/java
2022-09-05 17:51:38,960 [Worker-3: Importing Maven projects] INFO  o.e.m.j.i.AbstractJavaProjectConfigurator - Adding resource folder /rfq/src/main/resources
2022-09-05 17:51:38,960 [Worker-3: Importing Maven projects] INFO  o.e.m.j.i.AbstractJavaProjectConfigurator - Adding resource folder /rfq/src/main/resources
2022-09-05 17:51:38,961 [Worker-3: Importing Maven projects] INFO  o.e.m.j.i.AbstractJavaProjectConfigurator - Adding source folder /rfq/src/test/java
2022-09-05 17:51:39,544 [Worker-3: Importing Maven projects] INFO  o.e.m.j.i.AbstractJavaProjectConfigurator - Adding source folder /plant/src/main/java
2022-09-05 17:51:39,544 [Worker-3: Importing Maven projects] INFO  o.e.m.j.i.AbstractJavaProjectConfigurator - Adding resource folder /plant/src/main/resources
2022-09-05 17:51:39,545 [Worker-3: Importing Maven projects] INFO  o.e.m.j.i.AbstractJavaProjectConfigurator - Adding resource folder /plant/src/main/resources
2022-09-05 17:51:39,546 [Worker-3: Importing Maven projects] INFO  o.e.m.j.i.AbstractJavaProjectConfigurator - Adding source folder /plant/src/test/java
2022-09-05 17:51:40,114 [Worker-3: Importing Maven projects] INFO  o.e.m.j.i.AbstractJavaProjectConfigurator - Adding source folder /supplier/src/main/java
2022-09-05 17:51:40,115 [Worker-3: Importing Maven projects] INFO  o.e.m.j.i.AbstractJavaProjectConfigurator - Adding resource folder /supplier/src/main/resources
2022-09-05 17:51:40,115 [Worker-3: Importing Maven projects] INFO  o.e.m.j.i.AbstractJavaProjectConfigurator - Adding resource folder /supplier/src/main/resources
2022-09-05 17:51:40,116 [Worker-3: Importing Maven projects] INFO  o.e.m.j.i.AbstractJavaProjectConfigurator - Adding source folder /supplier/src/test/java
2022-09-05 17:51:40,643 [Worker-3: Importing Maven projects] INFO  o.e.m.c.i.p.ProjectConfigurationManager - Imported and configured 3 project(s) in 4 sec
2022-09-05 17:51:41,036 [Worker-13: Building] INFO  o.e.m.c.i.embedder.EclipseLogger - Using 'UTF-8' encoding to copy filtered resources.
2022-09-05 17:51:41,036 [Worker-13: Building] INFO  o.e.m.c.i.embedder.EclipseLogger - Using 'UTF-8' encoding to copy filtered properties files.
2022-09-05 17:51:41,036 [Worker-13: Building] INFO  o.e.m.c.i.embedder.EclipseLogger - Copying 0 resource
2022-09-05 17:51:41,036 [Worker-13: Building] INFO  o.e.m.c.i.embedder.EclipseLogger - Copying 0 resource
2022-09-05 17:51:41,038 [Worker-13: Building] INFO  o.e.m.c.i.embedder.EclipseLogger - Using 'UTF-8' encoding to copy filtered resources.
2022-09-05 17:51:41,038 [Worker-13: Building] INFO  o.e.m.c.i.embedder.EclipseLogger - Using 'UTF-8' encoding to copy filtered properties files.
2022-09-05 17:51:41,038 [Worker-13: Building] INFO  o.e.m.c.i.embedder.EclipseLogger - skip non existing resourceDirectory E:\manufacturing rfq\RFQ -MFPECOMPLETE\ManufacturingMgmt--master\Authorization\src\test\resources
2022-09-05 17:51:42,427 [Worker-13: Building] INFO  o.e.m.c.i.embedder.EclipseLogger - Using 'UTF-8' encoding to copy filtered resources.
2022-09-05 17:51:42,427 [Worker-13: Building] INFO  o.e.m.c.i.embedder.EclipseLogger - Using 'UTF-8' encoding to copy filtered properties files.
2022-09-05 17:51:42,428 [Worker-13: Building] INFO  o.e.m.c.i.embedder.EclipseLogger - Copying 1 resource
2022-09-05 17:51:42,431 [Worker-13: Building] INFO  o.e.m.c.i.embedder.EclipseLogger - Copying 2 resources
2022-09-05 17:51:42,449 [Worker-13: Building] INFO  o.e.m.c.i.embedder.EclipseLogger - Using 'UTF-8' encoding to copy filtered resources.
2022-09-05 17:51:42,449 [Worker-13: Building] INFO  o.e.m.c.i.embedder.EclipseLogger - Using 'UTF-8' encoding to copy filtered properties files.
2022-09-05 17:51:42,450 [Worker-13: Building] INFO  o.e.m.c.i.embedder.EclipseLogger - skip non existing resourceDirectory E:\manufacturing rfq\RFQ -MFPECOMPLETE\ManufacturingMgmt--master\plant\src\test\resources
2022-09-05 17:51:43,485 [Worker-13: Building] INFO  o.e.m.c.i.embedder.EclipseLogger - Using 'UTF-8' encoding to copy filtered resources.
2022-09-05 17:51:43,485 [Worker-13: Building] INFO  o.e.m.c.i.embedder.EclipseLogger - Using 'UTF-8' encoding to copy filtered properties files.
2022-09-05 17:51:43,486 [Worker-13: Building] INFO  o.e.m.c.i.embedder.EclipseLogger - Copying 1 resource
2022-09-05 17:51:43,489 [Worker-13: Building] INFO  o.e.m.c.i.embedder.EclipseLogger - Copying 1 resource
2022-09-05 17:51:43,495 [Worker-13: Building] INFO  o.e.m.c.i.embedder.EclipseLogger - Using 'UTF-8' encoding to copy filtered resources.
2022-09-05 17:51:43,495 [Worker-13: Building] INFO  o.e.m.c.i.embedder.EclipseLogger - Using 'UTF-8' encoding to copy filtered properties files.
2022-09-05 17:51:43,496 [Worker-13: Building] INFO  o.e.m.c.i.embedder.EclipseLogger - skip non existing resourceDirectory E:\manufacturing rfq\RFQ -MFPECOMPLETE\ManufacturingMgmt--master\rfq\src\test\resources
2022-09-05 17:51:44,623 [Worker-13: Building] INFO  o.e.m.c.i.embedder.EclipseLogger - Using 'UTF-8' encoding to copy filtered resources.
2022-09-05 17:51:44,623 [Worker-13: Building] INFO  o.e.m.c.i.embedder.EclipseLogger - Using 'UTF-8' encoding to copy filtered properties files.
2022-09-05 17:51:44,624 [Worker-13: Building] INFO  o.e.m.c.i.embedder.EclipseLogger - Copying 1 resource
2022-09-05 17:51:44,628 [Worker-13: Building] INFO  o.e.m.c.i.embedder.EclipseLogger - Copying 2 resources
2022-09-05 17:51:44,636 [Worker-13: Building] INFO  o.e.m.c.i.embedder.EclipseLogger - Using 'UTF-8' encoding to copy filtered resources.
2022-09-05 17:51:44,637 [Worker-13: Building] INFO  o.e.m.c.i.embedder.EclipseLogger - Using 'UTF-8' encoding to copy filtered properties files.
2022-09-05 17:51:44,637 [Worker-13: Building] INFO  o.e.m.c.i.embedder.EclipseLogger - skip non existing resourceDirectory E:\manufacturing rfq\RFQ -MFPECOMPLETE\ManufacturingMgmt--master\supplier\src\test\resources
2022-09-05 18:13:27,743 [main] INFO  o.e.m2e.actions.ExecutePomAction - Creating new launch configuration
2022-09-05 18:13:43,870 [Worker-8: Launching plant] INFO  o.e.m.i.launch.MavenLaunchDelegate - E:\manufacturing rfq\RFQ -MFPECOMPLETE\ManufacturingMgmt--master\plant
2022-09-05 18:13:43,870 [Worker-8: Launching plant] INFO  o.e.m.i.launch.MavenLaunchDelegate -  mvn -B -Dmaven.test.skip=true -DskipTests package -Dstyle.color=always -Dstyle.color=always
2022-09-05 18:14:55,677 [main] INFO  o.e.m2e.actions.ExecutePomAction - Using existing launch configuration
2022-09-05 18:14:55,739 [Worker-10: Launching plant] INFO  o.e.m.i.launch.MavenLaunchDelegate - E:\manufacturing rfq\RFQ -MFPECOMPLETE\ManufacturingMgmt--master\plant
2022-09-05 18:14:55,739 [Worker-10: Launching plant] INFO  o.e.m.i.launch.MavenLaunchDelegate -  mvn -B -Dmaven.test.skip=true -DskipTests package -Dstyle.color=always -Dstyle.color=always
2022-09-05 18:15:13,645 [main] INFO  o.e.m2e.actions.ExecutePomAction - Creating new launch configuration
2022-09-05 18:15:24,683 [Worker-12: Launching rfq] INFO  o.e.m.i.launch.MavenLaunchDelegate - E:\manufacturing rfq\RFQ -MFPECOMPLETE\ManufacturingMgmt--master\rfq
2022-09-05 18:15:24,683 [Worker-12: Launching rfq] INFO  o.e.m.i.launch.MavenLaunchDelegate -  mvn -B -Dmaven.test.skip=true -DskipTests package -Dstyle.color=always -Dstyle.color=always
2022-09-05 18:15:40,858 [main] INFO  o.e.m2e.actions.ExecutePomAction - Creating new launch configuration
2022-09-05 18:15:54,184 [Worker-12: Launching supplier] INFO  o.e.m.i.launch.MavenLaunchDelegate - E:\manufacturing rfq\RFQ -MFPECOMPLETE\ManufacturingMgmt--master\supplier
2022-09-05 18:15:54,185 [Worker-12: Launching supplier] INFO  o.e.m.i.launch.MavenLaunchDelegate -  mvn -B package -Dstyle.color=always -Dstyle.color=always
